[    0.000000] Initializing cgroup subsys cpuset
[    0.000000] Initializing cgroup subsys cpu
[    0.000000] Initializing cgroup subsys cpuacct
[    0.000000] Linux version 4.4.0-141-generic (buildd@lcy01-amd64-006) (gcc version 5.4.0 20160609 (Ubuntu 5.4.0-6ubuntu1~16.04.10) ) #167-Ubuntu SMP Wed Dec 5 10:40:15 UTC 2018 (Ubuntu 4.4.0-141.167-generic 4.4.162)
[    0.000000] Command line: BOOT_IMAGE=/boot/vmlinuz-4.4.0-141-generic root=LABEL=cloudimg-rootfs ro console=tty1 console=ttyS0
[    0.000000] KERNEL supported cpus:
[    0.000000]   Intel GenuineIntel
[    0.000000]   AMD AuthenticAMD
[    0.000000]   Centaur CentaurHauls
[    0.000000] x86/fpu: xstate_offset[2]:  576, xstate_sizes[2]:  256
[    0.000000] x86/fpu: Supporting XSAVE feature 0x01: 'x87 floating point registers'
[    0.000000] x86/fpu: Supporting XSAVE feature 0x02: 'SSE registers'
[    0.000000] x86/fpu: Supporting XSAVE feature 0x04: 'AVX registers'
[    0.000000] x86/fpu: Enabled xstate features 0x7, context size is 832 bytes, using 'standard' format.
[    0.000000] e820: BIOS-provided physical RAM map:
[    0.000000] BIOS-e820: [mem 0x0000000000000000-0x000000000009fbff] usable
[    0.000000] BIOS-e820: [mem 0x000000000009fc00-0x000000000009ffff] reserved
[    0.000000] BIOS-e820: [mem 0x00000000000f0000-0x00000000000fffff] reserved
[    0.000000] BIOS-e820: [mem 0x0000000000100000-0x000000007ffeffff] usable
[    0.000000] BIOS-e820: [mem 0x000000007fff0000-0x000000007fffffff] ACPI data
[    0.000000] BIOS-e820: [mem 0x00000000fec00000-0x00000000fec00fff] reserved
[    0.000000] BIOS-e820: [mem 0x00000000fee00000-0x00000000fee00fff] reserved
[    0.000000] BIOS-e820: [mem 0x00000000fffc0000-0x00000000ffffffff] reserved
[    0.000000] NX (Execute Disable) protection: active
[    0.000000] SMBIOS 2.5 present.
[    0.000000] Hypervisor detected: KVM
[    0.000000] e820: last_pfn = 0x7fff0 max_arch_pfn = 0x400000000
[    0.000000] MTRR: Disabled
[    0.000000] x86/PAT: MTRRs disabled, skipping PAT initialization too.
[    0.000000] CPU MTRRs all blank - virtualized system.
[    0.000000] x86/PAT: Configuration [0-7]: WB  WT  UC- UC  WB  WT  UC- UC  
[    0.000000] found SMP MP-table at [mem 0x0009fff0-0x0009ffff] mapped at [ffff88000009fff0]
[    0.000000] Scanning 1 areas for low memory corruption
[    0.000000] RAMDISK: [mem 0x36308000-0x3717bfff]
[    0.000000] ACPI: Early table checksum verification disabled
[    0.000000] ACPI: RSDP 0x00000000000E0000 000024 (v02 VBOX  )
[    0.000000] ACPI: XSDT 0x000000007FFF0030 00003C (v01 VBOX   VBOXXSDT 00000001 ASL  00000061)
[    0.000000] ACPI: FACP 0x000000007FFF00F0 0000F4 (v04 VBOX   VBOXFACP 00000001 ASL  00000061)
[    0.000000] ACPI: DSDT 0x000000007FFF0470 0021FF (v02 VBOX   VBOXBIOS 00000002 INTL 20100528)
[    0.000000] ACPI: FACS 0x000000007FFF0200 000040
[    0.000000] ACPI: FACS 0x000000007FFF0200 000040
[    0.000000] ACPI: APIC 0x000000007FFF0240 000054 (v02 VBOX   VBOXAPIC 00000001 ASL  00000061)
[    0.000000] ACPI: SSDT 0x000000007FFF02A0 0001CC (v01 VBOX   VBOXCPUT 00000002 INTL 20100528)
[    0.000000] No NUMA configuration found
[    0.000000] Faking a node at [mem 0x0000000000000000-0x000000007ffeffff]
[    0.000000] NODE_DATA(0) allocated [mem 0x7ffeb000-0x7ffeffff]
[    0.000000] kvm-clock: Using msrs 4b564d01 and 4b564d00
[    0.000000] kvm-clock: cpu 0, msr 0:7ffe3001, primary cpu clock
[    0.000000] kvm-clock: using sched offset of 4092604693 cycles
[    0.000000] clocksource: kvm-clock: mask: 0xffffffffffffffff max_cycles: 0x1cd42e4dffb, max_idle_ns: 881590591483 ns
[    0.000000] Zone ranges:
[    0.000000]   DMA      [mem 0x0000000000001000-0x0000000000ffffff]
[    0.000000]   DMA32    [mem 0x0000000001000000-0x000000007ffeffff]
[    0.000000]   Normal   empty
[    0.000000]   Device   empty
[    0.000000] Movable zone start for each node
[    0.000000] Early memory node ranges
[    0.000000]   node   0: [mem 0x0000000000001000-0x000000000009efff]
[    0.000000]   node   0: [mem 0x0000000000100000-0x000000007ffeffff]
[    0.000000] Initmem setup node 0 [mem 0x0000000000001000-0x000000007ffeffff]
[    0.000000] ACPI: PM-Timer IO Port: 0x4008
[    0.000000] IOAPIC[0]: apic_id 1, version 32, address 0xfec00000, GSI 0-23
[    0.000000] ACPI: INT_SRC_OVR (bus 0 bus_irq 0 global_irq 2 dfl dfl)
[    0.000000] ACPI: INT_SRC_OVR (bus 0 bus_irq 9 global_irq 9 low level)
[    0.000000] Using ACPI (MADT) for SMP configuration information
[    0.000000] smpboot: Allowing 1 CPUs, 0 hotplug CPUs
[    0.000000] PM: Registered nosave memory: [mem 0x00000000-0x00000fff]
[    0.000000] PM: Registered nosave memory: [mem 0x0009f000-0x0009ffff]
[    0.000000] PM: Registered nosave memory: [mem 0x000a0000-0x000effff]
[    0.000000] PM: Registered nosave memory: [mem 0x000f0000-0x000fffff]
[    0.000000] e820: [mem 0x80000000-0xfebfffff] available for PCI devices
[    0.000000] Booting paravirtualized kernel on KVM
[    0.000000] clocksource: refined-jiffies: mask: 0xffffffff max_cycles: 0xffffffff, max_idle_ns: 7645519600211568 ns
[    0.000000] setup_percpu: NR_CPUS:512 nr_cpumask_bits:512 nr_cpu_ids:1 nr_node_ids:1
[    0.000000] PERCPU: Embedded 34 pages/cpu @ffff88007fc00000 s99608 r8192 d31464 u2097152
[    0.000000] PV qspinlock hash table entries: 256 (order: 0, 4096 bytes)
[    0.000000] Built 1 zonelists in Node order, mobility grouping on.  Total pages: 515960
[    0.000000] Policy zone: DMA32
[    0.000000] Kernel command line: BOOT_IMAGE=/boot/vmlinuz-4.4.0-141-generic root=LABEL=cloudimg-rootfs ro console=tty1 console=ttyS0
[    0.000000] PID hash table entries: 4096 (order: 3, 32768 bytes)
[    0.000000] Memory: 2030032K/2096696K available (8568K kernel code, 1314K rwdata, 4008K rodata, 1528K init, 1316K bss, 66664K reserved, 0K cma-reserved)
[    0.000000] SLUB: HWalign=64, Order=0-3, MinObjects=0, CPUs=1, Nodes=1
[    0.000000] Kernel/User page tables isolation: enabled
[    0.000000] Hierarchical RCU implementation.
[    0.000000] 	Build-time adjustment of leaf fanout to 64.
[    0.000000] 	RCU restricting CPUs from NR_CPUS=512 to nr_cpu_ids=1.
[    0.000000] RCU: Adjusting geometry for rcu_fanout_leaf=64, nr_cpu_ids=1
[    0.000000] NR_IRQS:33024 nr_irqs:256 16
[    0.000000] Console: colour VGA+ 80x25
[    0.000000] console [tty1] enabled
[    0.000000] console [ttyS0] enabled
[    0.000000] tsc: Detected 2494.316 MHz processor
[    0.665084] Calibrating delay loop (skipped) preset value.. 4988.63 BogoMIPS (lpj=9977264)
[    0.696555] pid_max: default: 32768 minimum: 301
[    0.706860] ACPI: Core revision 20150930
[    0.709074] ACPI: 2 ACPI AML tables successfully acquired and loaded
[    0.736155] Security Framework initialized
[    0.755123] Yama: becoming mindful.
[    0.756408] AppArmor: AppArmor initialized
[    0.759886] Dentry cache hash table entries: 262144 (order: 9, 2097152 bytes)
[    0.771386] Inode-cache hash table entries: 131072 (order: 8, 1048576 bytes)
[    0.783125] Mount-cache hash table entries: 4096 (order: 3, 32768 bytes)
[    0.798619] Mountpoint-cache hash table entries: 4096 (order: 3, 32768 bytes)
[    0.835575] Initializing cgroup subsys io
[    0.846183] Initializing cgroup subsys memory
[    0.856349] Initializing cgroup subsys devices
[    0.861398] Initializing cgroup subsys freezer
[    0.876053] Initializing cgroup subsys net_cls
[    0.890711] Initializing cgroup subsys perf_event
[    0.892574] Initializing cgroup subsys net_prio
[    0.894345] Initializing cgroup subsys hugetlb
[    0.920204] Initializing cgroup subsys pids
[    0.922102] mce: CPU supports 0 MCE banks
[    0.926118] process: using mwait in idle threads
[    0.940313] Last level iTLB entries: 4KB 512, 2MB 8, 4MB 8
[    0.941825] Last level dTLB entries: 4KB 512, 2MB 32, 4MB 32, 1GB 0
[    0.943550] Spectre V2 : Mitigation: Full generic retpoline
[    0.946242] Spectre V2 : Spectre v2 mitigation: Speculation control IBPB not-supported IBRS not-supported
[    0.957095] Spectre V2 : Spectre v2 / SpectreRSB mitigation: Filling RSB on context switch
[    0.961282] Speculative Store Bypass: Vulnerable
[    1.007731] Freeing SMP alternatives memory: 32K
[    1.026054] ftrace: allocating 32291 entries in 127 pages
[    1.103021] smpboot: APIC(0) Converting physical 0 to logical package 0
[    1.106413] smpboot: Max logical packages: 1
[    1.110875] x2apic enabled
[    1.112192] Switched APIC routing to physical x2apic.
[    1.115102] ..TIMER: vector=0x30 apic1=0 pin1=2 apic2=-1 pin2=-1
[    1.227914] smpboot: CPU0: Intel(R) Core(TM) i5-3210M CPU @ 2.50GHz (family: 0x6, model: 0x3a, stepping: 0x9)
[    1.242090] Performance Events: unsupported p6 CPU model 58 no PMU driver, software events only.
[    1.245375] KVM setup paravirtual spinlock
[    1.254937] x86: Booted up 1 node, 1 CPUs
[    1.258737] smpboot: Total of 1 processors activated (4988.63 BogoMIPS)
[    1.276932] devtmpfs: initialized
[    1.292098] evm: security.selinux
[    1.300961] evm: security.SMACK64
[    1.316068] evm: security.SMACK64EXEC
[    1.325250] evm: security.SMACK64TRANSMUTE
[    1.337084] evm: security.SMACK64MMAP
[    1.339420] evm: security.ima
[    1.340599] evm: security.capability
[    1.342199] clocksource: jiffies: mask: 0xffffffff max_cycles: 0xffffffff, max_idle_ns: 7645041785100000 ns
[    1.345620] futex hash table entries: 256 (order: 2, 16384 bytes)
[    1.376388] pinctrl core: initialized pinctrl subsystem
[    1.378061] RTC time: 16:30:33, date: 01/13/19
[    1.400256] NET: Registered protocol family 16
[    1.412548] cpuidle: using governor ladder
[    1.416902] cpuidle: using governor menu
[    1.430214] PCCT header not found.
[    1.447493] ACPI: bus type PCI registered
[    1.448680] acpiphp: ACPI Hot Plug PCI Controller Driver version: 0.5
[    1.456534] PCI: Using configuration type 1 for base access
[    1.467224] ACPI: Added _OSI(Module Device)
[    1.476710] ACPI: Added _OSI(Processor Device)
[    1.488173] ACPI: Added _OSI(3.0 _SCP Extensions)
[    1.489651] ACPI: Added _OSI(Processor Aggregator Device)
[    1.492156] ACPI: Executed 1 blocks of module-level executable AML code
[    1.496609] ACPI: Interpreter enabled
[    1.498043] ACPI: (supports S0 S5)
[    1.499384] ACPI: Using IOAPIC for interrupt routing
[    1.508286] PCI: Using host bridge windows from ACPI; if necessary, use "pci=nocrs" and report a bug
[    1.522990] ACPI: PCI Root Bridge [PCI0] (domain 0000 [bus 00-ff])
[    1.527508] acpi PNP0A03:00: _OSC: OS supports [ASPM ClockPM Segments MSI]
[    1.529880] acpi PNP0A03:00: _OSC: not requesting OS control; OS requires [ExtendedConfig ASPM ClockPM MSI]
[    1.533192] acpi PNP0A03:00: fail to add MMCONFIG information, can't access extended PCI configuration space under this bridge.
[    1.545153] PCI host bridge to bus 0000:00
[    1.546657] pci_bus 0000:00: root bus resource [io  0x0000-0x0cf7 window]
[    1.566501] pci_bus 0000:00: root bus resource [io  0x0d00-0xffff window]
[    1.575016] pci_bus 0000:00: root bus resource [mem 0x000a0000-0x000bffff window]
[    1.577673] pci_bus 0000:00: root bus resource [mem 0x80000000-0xfdffffff window]
[    1.580285] pci_bus 0000:00: root bus resource [bus 00-ff]
[    1.601107] pci 0000:00:01.1: legacy IDE quirk: reg 0x10: [io  0x01f0-0x01f7]
[    1.612476] pci 0000:00:01.1: legacy IDE quirk: reg 0x14: [io  0x03f6]
[    1.614634] pci 0000:00:01.1: legacy IDE quirk: reg 0x18: [io  0x0170-0x0177]
[    1.617081] pci 0000:00:01.1: legacy IDE quirk: reg 0x1c: [io  0x0376]
[    1.666761] pci 0000:00:07.0: quirk: [io  0x4000-0x403f] claimed by PIIX4 ACPI
[    1.679771] pci 0000:00:07.0: quirk: [io  0x4100-0x410f] claimed by PIIX4 SMB
[    1.716491] ACPI: PCI Interrupt Link [LNKA] (IRQs 5 9 10 *11)
[    1.731728] ACPI: PCI Interrupt Link [LNKB] (IRQs 5 9 *10 11)
[    1.735027] ACPI: PCI Interrupt Link [LNKC] (IRQs 5 *9 10 11)
[    1.738118] ACPI: PCI Interrupt Link [LNKD] (IRQs 5 9 10 *11)
[    1.773992] ACPI: Enabled 2 GPEs in block 00 to 07
[    1.780757] vgaarb: setting as boot device: PCI:0000:00:02.0
[    1.786762] vgaarb: device added: PCI:0000:00:02.0,decodes=io+mem,owns=io+mem,locks=none
[    1.791930] vgaarb: loaded
[    1.793092] vgaarb: bridge control possible 0000:00:02.0
[    1.794869] SCSI subsystem initialized
[    1.808049] ACPI: bus type USB registered
[    1.809541] usbcore: registered new interface driver usbfs
[    1.811423] usbcore: registered new interface driver hub
[    1.813278] usbcore: registered new device driver usb
[    1.815378] PCI: Using ACPI for IRQ routing
[    1.835942] NetLabel: Initializing
[    1.837296] NetLabel:  domain hash size = 128
[    1.838801] NetLabel:  protocols = UNLABELED CIPSOv4
[    1.840689] NetLabel:  unlabeled traffic allowed by default
[    1.843070] amd_nb: Cannot enumerate AMD northbridges
[    1.852215] clocksource: Switched to clocksource kvm-clock
[    1.871195] AppArmor: AppArmor Filesystem Enabled
[    1.881598] pnp: PnP ACPI init
[    1.892780] pnp: PnP ACPI: found 3 devices
[    1.906726] clocksource: acpi_pm: mask: 0xffffff max_cycles: 0xffffff, max_idle_ns: 2085701024 ns
[    1.920218] NET: Registered protocol family 2
[    1.944169] TCP established hash table entries: 16384 (order: 5, 131072 bytes)
[    1.953676] TCP bind hash table entries: 16384 (order: 6, 262144 bytes)
[    1.959677] TCP: Hash tables configured (established 16384 bind 16384)
[    1.974602] UDP hash table entries: 1024 (order: 3, 32768 bytes)
[    1.976683] UDP-Lite hash table entries: 1024 (order: 3, 32768 bytes)
[    1.979365] NET: Registered protocol family 1
[    1.986835] pci 0000:00:00.0: Limiting direct PCI/PCI transfers
[    1.989219] pci 0000:00:01.0: Activating ISA DMA hang workarounds
[    1.991377] Unpacking initramfs...
[    2.282474] Freeing initrd memory: 14800K
[    2.293014] RAPL PMU detected, API unit is 2^-32 Joules, 3 fixed counters 10737418240 ms ovfl timer
[    2.302197] hw unit of domain pp0-core 2^-0 Joules
[    2.303989] hw unit of domain package 2^-0 Joules
[    2.312112] hw unit of domain pp1-gpu 2^-0 Joules
[    2.313765] platform rtc_cmos: registered platform RTC device (no PNP device found)
[    2.327428] Scanning for low memory corruption every 60 seconds
[    2.337832] audit: initializing netlink subsys (disabled)
[    2.339493] audit: type=2000 audit(1547397038.658:1): initialized
[    2.341496] Initialise system trusted keyring
[    2.352733] HugeTLB registered 2 MB page size, pre-allocated 0 pages
[    2.357616] zbud: loaded
[    2.364471] VFS: Disk quotas dquot_6.6.0
[    2.365808] VFS: Dquot-cache hash table entries: 512 (order 0, 4096 bytes)
[    2.381486] squashfs: version 4.0 (2009/01/31) Phillip Lougher
[    2.391764] fuse init (API version 7.23)
[    2.405747] Key type big_key registered
[    2.415849] Allocating IMA MOK and blacklist keyrings.
[    2.426513] Key type asymmetric registered
[    2.428542] Asymmetric key parser 'x509' registered
[    2.436685] Block layer SCSI generic (bsg) driver version 0.4 loaded (major 249)
[    2.438881] io scheduler noop registered
[    2.446736] io scheduler deadline registered (default)
[    2.457130] io scheduler cfq registered
[    2.467007] pci_hotplug: PCI Hot Plug PCI Core version: 0.5
[    2.475549] pciehp: PCI Express Hot Plug Controller Driver version: 0.4
[    2.485952] ACPI: AC Adapter [AC] (off-line)
[    2.507667] input: Power Button as /devices/LNXSYSTM:00/LNXPWRBN:00/input/input0
[    2.509977] ACPI: Power Button [PWRF]
[    2.530462] input: Sleep Button as /devices/LNXSYSTM:00/LNXSLPBN:00/input/input1
[    2.532767] ACPI: Sleep Button [SLPF]
[    2.547116] ACPI: Battery Slot [BAT0] (battery present)
[    2.586942] GHES: HEST is not enabled!
[    2.596835] Serial: 8250/16550 driver, 32 ports, IRQ sharing enabled
[    2.632659] 00:02: ttyS0 at I/O 0x3f8 (irq = 4, base_baud = 115200) is a 16550A
[    2.643498] Linux agpgart interface v0.103
[    2.648018] loop: module loaded
[    2.649835] scsi host0: ata_piix
[    2.652652] scsi host1: ata_piix
[    2.653954] ata1: PATA max UDMA/33 cmd 0x1f0 ctl 0x3f6 bmdma 0xd000 irq 14
[    2.656092] ata2: PATA max UDMA/33 cmd 0x170 ctl 0x376 bmdma 0xd008 irq 15
[    2.659164] libphy: Fixed MDIO Bus: probed
[    2.660691] tun: Universal TUN/TAP device driver, 1.6
[    2.662092] tun: (C) 1999-2004 Max Krasnyansky <maxk@qualcomm.com>
[    2.684423] PPP generic driver version 2.4.2
[    2.695607] ehci_hcd: USB 2.0 'Enhanced' Host Controller (EHCI) Driver
[    2.711324] ehci-pci: EHCI PCI platform driver
[    2.713812] ehci-platform: EHCI generic platform driver
[    2.724917] ohci_hcd: USB 1.1 'Open' Host Controller (OHCI) Driver
[    2.733952] ohci-pci: OHCI PCI platform driver
[    2.737046] ohci-platform: OHCI generic platform driver
[    2.739565] uhci_hcd: USB Universal Host Controller Interface driver
[    2.742370] i8042: PNP: PS/2 Controller [PNP0303:PS2K,PNP0f03:PS2M] at 0x60,0x64 irq 1,12
[    2.749206] serio: i8042 KBD port at 0x60,0x64 irq 1
[    2.754281] serio: i8042 AUX port at 0x60,0x64 irq 12
[    2.758219] mousedev: PS/2 mouse device common for all mice
[    2.766142] input: AT Translated Set 2 keyboard as /devices/platform/i8042/serio0/input/input2
[    2.783959] rtc_cmos rtc_cmos: rtc core: registered rtc_cmos as rtc0
[    2.797872] rtc_cmos rtc_cmos: alarms up to one day, 114 bytes nvram
[    2.803715] i2c /dev entries driver
[    2.808491] device-mapper: uevent: version 1.0.3
[    2.810748] device-mapper: ioctl: 4.34.0-ioctl (2015-10-28) initialised: dm-devel@redhat.com
[    2.828106] ledtrig-cpu: registered to indicate activity on CPUs
[    2.846171] NET: Registered protocol family 10
[    2.857369] NET: Registered protocol family 17
[    2.866087] Key type dns_resolver registered
[    2.882891] registered taskstats version 1
[    2.884826] Loading compiled-in X.509 certificates
[    2.894263] Loaded X.509 cert 'Build time autogenerated kernel key: 7c9fb337b82e5a343493fe891c556beae1895c7c'
[    2.911350] zswap: loaded using pool lzo/zbud
[    2.914314] Key type trusted registered
[    2.926739] Key type encrypted registered
[    2.939707] AppArmor: AppArmor sha1 policy hashing enabled
[    2.956103] ima: No TPM chip found, activating TPM-bypass!
[    2.960349] ima: Allocated hash algorithm: sha1
[    2.979878] evm: HMAC attrs: 0x1
[    3.027600]   Magic number: 3:121:540
[    3.042712]  node: hash matches
[    3.052133] rtc_cmos rtc_cmos: setting system clock to 2019-01-13 16:30:35 UTC (1547397035)
[    3.128501] BIOS EDD facility v0.16 2004-Jun-25, 0 devices found
[    3.148153] EDD information not available.
[    3.154707] Freeing unused kernel memory: 1528K
[    3.188535] Write protecting the kernel read-only data: 14336k
[    3.200569] Freeing unused kernel memory: 1660K
[    3.202464] Freeing unused kernel memory: 88K
Loading, please wait...
starting version 229
[    3.222613] random: udevadm: uninitialized urandom read (16 bytes read, 3 bits of entropy available)
[    3.233972] random: systemd-udevd: uninitialized urandom read (16 bytes read, 3 bits of entropy available)
[    3.248244] random: udevadm: uninitialized urandom read (16 bytes read, 3 bits of entropy available)
[    3.258531] random: systemd-udevd: uninitialized urandom read (16 bytes read, 3 bits of entropy available)
[    3.274802] random: systemd-udevd: uninitialized urandom read (16 bytes read, 3 bits of entropy available)
[    3.286958] random: systemd-udevd: uninitialized urandom read (16 bytes read, 3 bits of entropy available)
[    3.302131] random: udevadm: uninitialized urandom read (16 bytes read, 3 bits of entropy available)
[    3.304829] random: udevadm: uninitialized urandom read (16 bytes read, 3 bits of entropy available)
[    3.318119] tsc: Refined TSC clocksource calibration: 2493.939 MHz
[    3.327443] clocksource: tsc: mask: 0xffffffffffffffff max_cycles: 0x23f2dc2a8cd, max_idle_ns: 440795276412 ns
[    3.334121] random: systemd-udevd: uninitialized urandom read (16 bytes read, 3 bits of entropy available)
[    3.344968] random: udevadm: uninitialized urandom read (16 bytes read, 3 bits of entropy available)
[    3.467726] e1000: Intel(R) PRO/1000 Network Driver - version 7.3.21-k8-NAPI
[    3.470731] e1000: Copyright (c) 1999-2006 Intel Corporation.
[    3.487208] Fusion MPT base driver 3.04.20
[    3.490847] Copyright (c) 1999-2008 LSI Corporation
[    3.560456] AVX version of gcm_enc/dec engaged.
[    3.563049] AES CTR mode by8 optimization enabled
[    3.603253] Fusion MPT SPI Host driver 3.04.20
[    3.717472] input: ImExPS/2 Generic Explorer Mouse as /devices/platform/i8042/serio1/input/input4
[    4.056954] e1000 0000:00:03.0 eth0: (PCI:33MHz:32-bit) 02:e9:22:0c:6f:83
[    4.078638] e1000 0000:00:03.0 eth0: Intel(R) PRO/1000 Network Connection
[    4.090209] mptbase: ioc0: Initiating bringup
[    4.152610] ioc0: LSI53C1030 A0: Capabilities={Initiator}
[    4.314955] scsi host2: ioc0: LSI53C1030 A0, FwRev=00000000h, Ports=1, MaxQ=256, IRQ=20
[    4.464027] scsi 2:0:0:0: Direct-Access     VBOX     HARDDISK         1.0  PQ: 0 ANSI: 5
[    4.476510] scsi target2:0:0: Beginning Domain Validation
[    4.577224] scsi target2:0:0: Domain Validation skipping write tests
[    4.585241] scsi target2:0:0: Ending Domain Validation
[    4.632670] scsi target2:0:0: asynchronous
[    4.712798] scsi 2:0:1:0: Direct-Access     VBOX     HARDDISK         1.0  PQ: 0 ANSI: 5
[    4.760679] scsi target2:0:1: Beginning Domain Validation
[    4.853891] scsi target2:0:1: Domain Validation skipping write tests
[    4.867751] scsi target2:0:1: Ending Domain Validation
[    4.884659] scsi target2:0:1: asynchronous
[    4.978864] sd 2:0:0:0: Attached scsi generic sg0 type 0
[    4.980764] sd 2:0:0:0: [sda] 20971520 512-byte logical blocks: (10.7 GB/10.0 GiB)
[    4.998504] sd 2:0:1:0: [sdb] 20480 512-byte logical blocks: (10.5 MB/10.0 MiB)
[    5.004190] sd 2:0:1:0: Attached scsi generic sg1 type 0
[    5.006807] sd 2:0:1:0: [sdb] Write Protect is off
[    5.013143] sd 2:0:0:0: [sda] Write Protect is off
[    5.020056] sd 2:0:1:0: [sdb] Incomplete mode parameter data
[    5.032006] sd 2:0:1:0: [sdb] Assuming drive cache: write through
[    5.056925] sd 2:0:0:0: [sda] Incomplete mode parameter data
[    5.058669] sd 2:0:0:0: [sda] Assuming drive cache: write through
[    5.067555] e1000 0000:00:08.0 eth1: (PCI:33MHz:32-bit) 08:00:27:ae:6c:11
[    5.095313] e1000 0000:00:08.0 eth1: Intel(R) PRO/1000 Network Connection
[    5.121795] e1000 0000:00:08.0 enp0s8: renamed from eth1
[    5.146475] e1000 0000:00:03.0 enp0s3: renamed from eth0
[    5.157884]  sda: sda1
[    5.170966] sd 2:0:1:0: [sdb] Attached SCSI disk
[    5.172366] sd 2:0:0:0: [sda] Attached SCSI disk
Begin: Loading essential drivers ... [    6.670552] md: linear personality registered for level -1
[    6.693618] md: multipath personality registered for level -4
[    6.704699] md: raid0 personality registered for level 0
[    6.721803] md: raid1 personality registered for level 1
[    6.796366] raid6: sse2x1   gen()  5379 MB/s
[    6.880332] raid6: sse2x1   xor()  4621 MB/s
[    6.952262] raid6: sse2x2   gen()  6804 MB/s
[    7.020454] raid6: sse2x2   xor()  4594 MB/s
[    7.104272] raid6: sse2x4   gen()  8957 MB/s
[    7.188526] raid6: sse2x4   xor()  5813 MB/s
[    7.195613] raid6: using algorithm sse2x4 gen() 8957 MB/s
[    7.212280] raid6: .... xor() 5813 MB/s, rmw enabled
[    7.215905] raid6: using ssse3x2 recovery algorithm
[    7.231307] xor: automatically using best checksumming function:
[    7.280275]    avx       : 17316.000 MB/sec
[    7.288798] async_tx: api initialized (async)
[    7.320319] md: raid6 personality registered for level 6
[    7.337270] md: raid5 personality registered for level 5
[    7.347091] md: raid4 personality registered for level 4
[    7.403404] md: raid10 personality registered for level 10
done.
Begin: Running /scripts/init-premount ... done.
Begin: Mounting root file system ... Begin: Running /scripts/local-top ... done.
Begin: Running /scripts/local-premount ... [    7.472403] Btrfs loaded
Scanning for Btrfs filesystems
done.
Warning: fsck not present, so skipping root file system
[    7.579043] EXT4-fs (sda1): INFO: recovery required on readonly filesystem
[    7.581001] EXT4-fs (sda1): write access will be enabled during recovery
[    7.813920] EXT4-fs (sda1): recovery complete
[    7.818811] EXT4-fs (sda1): mounted filesystem with ordered data mode. Opts: (null)
done.
Begin: Running /scripts/local-bottom ... done.
Begin: Running /scripts/init-bottom ... done.
[    8.504309] random: nonblocking pool is initialized
[    8.710161] systemd[1]: systemd 229 running in system mode. (+PAM +AUDIT +SELINUX +IMA +APPARMOR +SMACK +SYSVINIT +UTMP +LIBCRYPTSETUP +GCRYPT +GNUTLS +ACL +XZ -LZ4 +SECCOMP +BLKID +ELFUTILS +KMOD -IDN)
[    8.715066] systemd[1]: Detected virtualization oracle.
[    8.744115] systemd[1]: Detected architecture x86-64.

Welcome to [1mUbuntu 16.04.5 LTS[0m!

[    8.826612] systemd[1]: Set hostname to <terraform-box>.
[   10.100006] systemd[1]: Created slice User and Session Slice.
[[0;32m  OK  [0m] Created slice User and Session Slice.
[   10.128972] systemd[1]: Started Forward Password Requests to Wall Directory Watch.
[[0;32m  OK  [0m] Started Forward Password Requests to Wall Directory Watch.
[   10.138487] systemd[1]: Listening on udev Kernel Socket.
[[0;32m  OK  [0m] Listening on udev Kernel Socket.
[   10.143173] systemd[1]: Listening on LVM2 metadata daemon socket.
[[0;32m  OK  [0m] Listening on LVM2 metadata daemon socket.
[   10.148794] systemd[1]: Reached target Encrypted Volumes.
[[0;32m  OK  [0m] Reached target Encrypted Volumes.
[   10.153672] systemd[1]: Listening on udev Control Socket.
[[0;32m  OK  [0m] Listening on udev Control Socket.
[   10.162987] systemd[1]: Listening on Device-mapper event daemon FIFOs.
[[0;32m  OK  [0m] Listening on Device-mapper event daemon FIFOs.
[   10.196341] systemd[1]: Created slice System Slice.
[[0;32m  OK  [0m] Created slice System Slice.
[   10.207428] systemd[1]: Created slice system-serial\x2dgetty.slice.
[[0;32m  OK  [0m] Created slice system-serial\x2dgetty.slice.
[   10.224704] systemd[1]: Reached target Slices.
[[0;32m  OK  [0m] Reached target Slices.
[   10.231061] systemd[1]: Reached target System Time Synchronized.
[[0;32m  OK  [0m] Reached target System Time Synchronized.
[   10.268830] systemd[1]: Reached target User and Group Name Lookups.
[[0;32m  OK  [0m] Reached target User and Group Name Lookups.
[   10.285053] systemd[1]: Listening on Journal Socket.
[[0;32m  OK  [0m] Listening on Journal Socket.
[   10.304687] systemd[1]: Starting Load Kernel Modules...
         Starting Load Kernel Modules...
[   10.341871] systemd[1]: Starting Create list of required static device nodes for the current kernel...
         Starting Create list of required st... nodes for the current kernel...
[   10.365026] systemd[1]: Mounting Huge Pages File System...
         Mounting Huge Pages File System...
[   10.383630] systemd[1]: Starting Monitoring of LVM2 mirrors, snapshots etc. using dmeventd or progress polling...
         Starting Monitoring of LVM2 mirrors... dmeventd or progress polling...
[   10.393136] systemd[1]: Starting Nameserver information manager...
         Starting Nameserver information manager...
[   10.417810] systemd[1]: Mounting Debug File System...
         Mounting Debug File System...
[   10.430179] systemd[1]: Starting Uncomplicated firewall...
         Starting Uncomplicated firewall...
[   10.446203] systemd[1]: Reached target Swap.
[[0;32m  OK  [0m] Reached target Swap.
[   10.469444] systemd[1]: Started Trigger resolvconf update for networkd DNS.
[[0;32m  OK  [0m] Started Trigger resolvconf update for networkd DNS.
[   10.490071] systemd[1]: Mounting POSIX Message Queue File System...
         Mounting POSIX Message Queue File System...
[   10.496571] systemd[1]: Listening on LVM2 poll daemon socket.
[[0;32m  OK  [0m] Listening on LVM2 poll daemon socket.
[   10.525162] systemd[1]: Listening on Journal Audit Socket.
[[0;32m  OK  [0m] Listening on Journal Audit Socket.
[   10.549106] systemd[1]: Listening on /dev/initctl Compatibility Named Pipe.
[[0;32m  OK  [0m] Listening on /dev/initctl Compatibility Named Pipe.
[   10.571671] systemd[1]: Listening on Syslog Socket.
[[0;32m  OK  [0m] Listening on Syslog Socket.
[   10.580726] systemd[1]: Starting Remount Root and Kernel File Systems...
         Starting Remount Root and Kernel File Systems...
[   10.588261] systemd[1]: Listening on Journal Socket (/dev/log).
[[0;32m  OK  [0m] Listening on Journal Socket (/dev/log).
[   10.597775] systemd[1]: Starting Journal Service...
         Starting Journal Service...
[   10.609351] systemd[1]: Starting Set console keymap...
         Starting Set console keymap...
[   10.621350] systemd[1]: Set up automount Arbitrary Executable File Formats File System Automount Point.
[[0;32m  OK  [0m] Set up automo[   10.638566] Loading iSCSI transport class v2.0-870.
unt Arbitrary Executab...ats File System Automount Point.
[   10.699244] EXT4-fs (sda1): re-mounted. Opts: (null)
[   10.749784] systemd[1]: Mounted Huge Pages File System.
[[0;32m  OK  [0m] Mounted Huge Pages File System.
[   10.765133] systemd[1]: Mounted POSIX Message Queue File System.
[   10.788411] iscsi: registered transport (tcp)
[[0;32m  OK  [0m] Mounted POSIX Message Queue File System.
[   10.813211] systemd[1]: Mounted Debug File System.
[[0;32m  OK  [0m] Mounted Debug File System.
[   10.830130] systemd[1]: Started Create list of required static device nodes for the current kernel.
[[0;32m  OK  [0m] Started Create list of required sta...ce nodes for the current kernel.
[   10.850163] systemd[1]: Started Uncomplicated firewall.
[[0;32m  OK  [0m] Started Uncomplicated firewall.
[   10.881672] systemd[1]: Started Remount Root and Kernel File Systems.
[[0;32m  OK  [0m] Started Remount Root and Kernel File Systems.
[   10.973357] systemd[1]: Started Nameserver information manager.
[[0;32m  OK  [0m] Started Nameserver information manager.
[   11.025464] systemd[1]: Started LVM2 metadata daemon.
[[0;32m  OK  [0m] Started LVM2 metadata daemon.
[   11.062474] systemd[1]: Starting Load/Save Random Seed...
         Starting Load/Save Random Seed...
[   11.125171] systemd[1]: Starting udev Coldplug all Devices...
         Starting udev Coldplug all Devices...
[   11.142445] systemd[1]: Starting Create Static Device Nodes in /dev...
         Starting Create Static Device Nodes in /dev...
[   11.172216] systemd[1]: Started Set console keymap.
[[0;32m  OK  [0m] Started Set console keymap.
[   11.209732] systemd[1]: Started Load/Save Random Seed.
[[0;32m  OK  [0m] Started Load/Save Random Seed.
[   11.249303] systemd[1]: Started Journal Service.
[   11.260731] iscsi: registered transport (iser)
[[0;32m  OK  [0m] Started Journal Service.
[[0;32m  OK  [0m] Started Load Kernel Modules.
         Starting Apply Kernel Variables...
         Mounting FUSE Control File System...
         Starting Flush Journal to Persistent Storage...
[[0;32m  OK  [0m] Mounted FUSE Control File System.
[[0;32m  OK  [0m] Started Monitoring of LVM2 mirrors,...ng dmeventd or progress polling.
[[0;32m  OK  [0m] Started udev Coldplug all Devices.
[   11.574335] systemd-journald[387]: Received request to flush runtime journal from PID 1
[[0;32m  OK  [0m] Started Apply Kernel Variables.
[[0;32m  OK  [0m] Started Flush Journal to Persistent Storage.
[[0;32m  OK  [0m] Started Create Static Device Nodes in /dev.
         Starting udev Kernel Device Manager...
[[0;32m  OK  [0m] Reached target Local File Systems (Pre).
[[0;32m  OK  [0m] Reached target Local File Systems.
         Starting Tell Plymouth To Write Out Runtime Data...
         Starting Set console font and keymap...
         Starting Initial cloud-init job (pre-networking)...
         Starting LSB: AppArmor initialization...
         Starting Create Volatile Files and Directories...
[[0;32m  OK  [0m] Started Tell Plymouth To Write Out Runtime Data.
[[0;32m  OK  [0m] Started Create Volatile Files and Directories.
         Starting Update UTMP about System Boot/Shutdown...
[[0;32m  OK  [0m] Started Update UTMP about System Boot/Shutdown.
[[0;32m  OK  [0m] Started Set console font and keymap.
[[0;32m  OK  [0m] Created slice system-getty.slice.
[[0;32m  OK  [0m] Started udev Kernel Device Manager.
[[0;32m  OK  [0m] Started Dispatch Password Requests to Console Directory Watch.
[[0;32m  OK  [0m] Found device /dev/ttyS0.
[[0;32m  OK  [0m] Listening on Load/Save RF Kill Switch Status /dev/rfkill Watch.
[[0;32m  OK  [0m] Found device 82540EM Gigabit Ethern...r (PRO/1000 MT Desktop Adapter).
[[0;32m  OK  [0m] Found device 82540EM Gigabit Ethern...r (PRO/1000 MT Desktop Adapter).
[[0;32m  OK  [0m] Started LSB: AppArmor initialization.
[   18.041478] cloud-init[477]: Cloud-init v. 18.4-0ubuntu1~16.04.2 running 'init-local' at Sun, 13 Jan 2019 16:30:51 +0000. Up 17.39 seconds.
[[0;32m  OK  [0m] Started Initial cloud-init job (pre-networking).
[[0;32m  OK  [0m] Reached target Network (Pre).
[[0;32m  OK  [0m] Started ifup for enp0s8.
[[0;32m  OK  [0m] Started ifup for enp0s3.
         Starting Raise network interfaces...
[[0;32m  OK  [0m] Started Raise network interfaces.
         Starting Initial cloud-init job (metadata service crawler)...
[[0;32m  OK  [0m] Reached target Network.
[   20.070342] cloud-init[1317]: Cloud-init v. 18.4-0ubuntu1~16.04.2 running 'init' at Sun, 13 Jan 2019 16:30:53 +0000. Up 19.32 seconds.
[   20.096762] cloud-init[1317]: ci-info: ++++++++++++++++++++++++++++++++++++++Net device info+++++++++++++++++++++++++++++++++++++++
[   20.104984] cloud-init[1317]: ci-info: +--------+------+-----------------------------+---------------+--------+-------------------+
[   20.116562] cloud-init[1317]: ci-info: | Device |  Up  |           Address           |      Mask     | Scope  |     Hw-Address    |
[   20.128034] cloud-init[1317]: ci-info: +--------+------+-----------------------------+---------------+--------+-------------------+
[   20.137469] cloud-init[1317]: ci-info: | enp0s3 | True |          10.0.2.15          | 255.255.255.0 | global | 02:e9:22:0c:6f:83 |
[   20.161125] cloud-init[1317]: ci-info: | enp0s3 | True |  fe80::e9:22ff:fe0c:6f83/64 |       .       |  link  | 02:e9:22:0c:6f:83 |
[[0;32m  OK  [0m[   20.196964] cloud-init[1317]: ci-info: | enp0s8 | True |        192.168.33.50        | 255.255.255.0 | global | 08:00:27:ae:6c:11 |
[   20.197095] cloud-init[1317]: ci-info: | enp0s8 | True | fe80::a00:27ff:feae:6c11/64 |       .       |  link  | 08:00:27:ae:6c:11 |
[   20.197198] cloud-init[1317]: ci-info: |   lo   | True |          127.0.0.1          |   255.0.0.0   |  host  |         .         |
[   20.197298] cloud-init[1317]: ci-info: |   lo   | True |           ::1/128           |       .       |  host  |         .         |
[   20.197398] cloud-init[1317]: ci-info: +--------+------+-----------------------------+---------------+--------+-------------------+
[   20.197497] cloud-init[1317]: ci-info: ++++++++++++++++++++++++++++Route IPv4 info++++++++++++++++++++++++++++
[   20.197597] cloud-init[1317]: ci-info: +-------+--------------+----------+---------------+-----------+-------+
[   20.197705] cloud-init[1317]: ci-info: | Route | Destination  | Gateway  |    Genmask    | Interface | Flags |
[   20.197804] cloud-init[1317]: ci-info: +-------+--------------+----------+---------------+-----------+-------+
[   20.197902] cloud-init[1317]: ci-info: |   0   |   0.0.0.0    | 10.0.2.2 |    0.0.0.0    |   enp0s3  |   UG  |
[   20.198001] cloud-init[1317]: ci-info: |   1   |   10.0.2.0   | 0.0.0.0  | 255.255.255.0 |   enp0s3  |   U   |
[   20.198099] cloud-init[1317]: ci-info: |   2   | 192.168.33.0 | 0.0.0.0  | 255.255.255.0 |   enp0s8  |   U   |
[   20.198196] cloud-init[1317]: ci-info: +-------+--------------+----------+---------------+-----------+-------+
[   20.198294] cloud-init[1317]: ci-info: +++++++++++++++++++Route IPv6 info+++++++++++++++++++
[   20.198396] cloud-init[1317]: ci-info: +-------+-------------+---------+-----------+-------+
[   20.198515] cloud-init[1317]: ci-info: | Route | Destination | Gateway | Interface | Flags |
[   20.198615] cloud-init[1317]: ci-info: +-------+-------------+---------+-----------+-------+
[   20.198714] cloud-init[1317]: ci-info: |   0   |  fe80::/64  |    ::   |   enp0s8  |   U   |
[   20.198811] cloud-init[1317]: ci-info: |   1   |  fe80::/64  |    ::   |   enp0s3  |   U   |
[   20.198909] cloud-init[1317]: ci-info: |   4   |   ff00::/8  |    ::   |   enp0s8  |   U   |
[   20.199006] cloud-init[1317]: ci-info: |   5   |   ff00::/8  |    ::   |   enp0s3  |   U   |
[   20.199104] cloud-init[1317]: ci-info: +-------+-------------+---------+-----------+-------+
] Started Initial cloud-init job (metadata service crawler).
[[0;32m  OK  [0m] Reached target Network is Online.
         Starting iSCSI initiator daemon (iscsid)...
[[0;32m  OK  [0m] Reached target Cloud-config availability.
[[0;32m  OK  [0m] Reached target System Initialization.
[[0;32m  OK  [0m] Started Daily Cleanup of Temporary Directories.
         Starting Socket activation for snappy daemon.
[[0;32m  OK  [0m] Listening on UUID daemon activation socket.
         Starting LXD - unix socket.
[[0;32m  OK  [0m] Listening on D-Bus System Message Bus Socket.
         Starting Docker Socket for the API.
[[0;32m  OK  [0m] Started ACPI Events Check.
[[0;32m  OK  [0m] Reached target Paths.
[[0;32m  OK  [0m] Started Daily apt download activities.
[[0;32m  OK  [0m] Started Daily apt upgrade and clean activities.
[[0;32m  OK  [0m] Reached target Timers.
[[0;32m  OK  [0m] Listening on ACPID Listen Socket.
[[0;32m  OK  [0m] Listening on Socket activation for snappy daemon.
[[0;32m  OK  [0m] Listening on LXD - unix socket.
[[0;32m  OK  [0m] Listening on Docker Socket for the API.
[[0;32m  OK  [0m] Started iSCSI initiator daemon (iscsid).
         Starting Login to default iSCSI targets...
[[0;32m  OK  [0m] Reached target Sockets.
[[0;32m  OK  [0m] Reached target Basic System.
         Starting /etc/rc.local Compatibility...
         Starting System Logging Service...
         Starting LSB: Record successful boot for GRUB...
[[0;32m  OK  [0m] Started ACPI event daemon.
[[0;32m  OK  [0m] Started Regular background program processing daemon.
         Starting Virtualbox guest utils...
         Starting Login Service...
         Starting Ubuntu FAN network setup...
[[0;32m  OK  [0m] Started Unattended Upgrades Shutdown.
         Starting LSB: MD monitoring daemon...
         Starting Docker Application Container Engine...
[[0;32m  OK  [0m] Started FUSE filesystem for LXC.
         Starting Accounts Service...
         Starting LXD - container startup/shutdown...
         Starting OpenBSD Secure Shell server...
[[0;32m  OK  [0m] Started D-Bus System Message Bus.
[[0;32m  OK  [0m] Started Deferred execution scheduler.
         Starting Snappy daemon...
[[0;32m  OK  [0m] Started System Logging Service.
[[0;32m  OK  [0m] Started /etc/rc.local Compatibility.
[[0;32m  OK  [0m] Started Ubuntu FAN network setup.
[[0;32m  OK  [0m] Started OpenBSD Secure Shell server.
[[0;32m  OK  [0m] Started Login Service.
[[0;32m  OK  [0m] Started LSB: Record successful boot for GRUB.
         Starting Authenticate and Authorize Users to Run Privileged Tasks...
[[0;32m  OK  [0m] Started LSB: MD monitoring daemon.
[[0;32m  OK  [0m] Started Login to default iSCSI targets.
[[0;32m  OK  [0m] Reached target Remote File Systems (Pre).
[[0;32m  OK  [0m] Reached target Remote File Systems.
         Starting LSB: daemon to balance interrupts for SMP systems...
         Starting LSB: automatic crash report generation...
         Starting LSB: Set up cgroupfs mounts....
         Starting Permit User Sessions...
         Starting LSB: Set the CPU Frequency Scaling governor to "ondemand"...
[[0;32m  OK  [0m] Started LSB: Set the CPU Frequency Scaling governor to "ondemand".
[[0;32m  OK  [0m] Started LSB: Set up cgroupfs mounts..
[[0;32m  OK  [0m] Started Permit User Sessions.
         Starting Terminate Plymouth Boot Screen...
         Starting Hold until boot process finishes up...
[[0;32m  OK  [0m] Started Terminate Plymouth Boot Screen.
[[0;32m  OK  [0m] Started Hold until boot process finishes up.
[[0;32m  OK  [0m] Started Getty on tty1.
[[0;32m  OK  [0m] Started Serial Getty on ttyS0.
[[0;32m  OK  [0m] Reached target Login Prompts.
         Starting Set console scheme...
[[0;32m  OK  [0m] Started Set console scheme.
[[0;32m  OK  [0m] Started LSB: daemon to balance interrupts for SMP systems.
[[0;32m  OK  [0m] Started LSB: automatic crash report generation.
[[0;32m  OK  [0m] Started Virtualbox guest utils.
[[0;32m  OK  [0m] Started Authenticate and Authorize Users to Run Privileged Tasks.
[[0;32m  OK  [0m] Started Accounts Service.

Ubuntu 16.04.5 LTS terraform-box ttyS0

terraform-box login: [   33.449926] cloud-init[1662]: Cloud-init v. 18.4-0ubuntu1~16.04.2 running 'modules:config' at Sun, 13 Jan 2019 16:31:06 +0000. Up 32.86 seconds.
[   38.247376] cloud-init[2299]: Cloud-init v. 18.4-0ubuntu1~16.04.2 running 'modules:final' at Sun, 13 Jan 2019 16:31:11 +0000. Up 38.05 seconds.
[   38.248078] cloud-init[2299]: Cloud-init v. 18.4-0ubuntu1~16.04.2 finished at Sun, 13 Jan 2019 16:31:12 +0000. Datasource DataSourceNoCloud [seed=/dev/sdb][dsmode=net].  Up 38.24 seconds
